app/build/intermediates/manifest_merge_blame_file/debug/manifest-merger-blame-debug-report.txt
1<?xml version="1.0" encoding="utf-8"?>
2<manifest xmlns:android="http://schemas.android.com/apk/res/android"
3    package="com.example.healthdiary"
4    android:versionCode="1"
5    android:versionName="1.0" >
6
7    <uses-sdk
8        android:minSdkVersion="21"
9        android:targetSdkVersion="29" />
10
11    <!-- NOTE: minSdkVersion and targetSdkVersion specified in build.gradle -->
12    <application
12-->src/main/AndroidManifest.xml:9:5-41:19
13        android:allowBackup="true"
13-->src/main/AndroidManifest.xml:10:9-35
14        android:appComponentFactory="androidx.core.app.CoreComponentFactory"
14-->[androidx.core:core:1.5.0] AndroidManifest.xml:24:18-86
15        android:debuggable="true"
16        android:extractNativeLibs="true"
17        android:icon="@mipmap/ic_launcher"
17-->src/main/AndroidManifest.xml:11:9-43
18        android:label="@string/app_name"
18-->src/main/AndroidManifest.xml:12:9-41
19        android:roundIcon="@mipmap/ic_launcher_round"
19-->src/main/AndroidManifest.xml:13:9-54
20        android:supportsRtl="true"
20-->src/main/AndroidManifest.xml:14:9-35
21        android:testOnly="true"
22        android:theme="@style/AppTheme" >
22-->src/main/AndroidManifest.xml:15:9-40
23        <activity
23-->src/main/AndroidManifest.xml:16:9-24:20
24            android:name="ca.yorku.eecs.mack.healthappdemo.HealthAppDemo"
24-->src/main/AndroidManifest.xml:17:13-74
25            android:label="@string/app_name" >
25-->src/main/AndroidManifest.xml:18:13-45
26            <intent-filter>
26-->src/main/AndroidManifest.xml:19:13-23:29
27                <action android:name="android.intent.action.MAIN" />
27-->src/main/AndroidManifest.xml:20:17-68
27-->src/main/AndroidManifest.xml:20:25-66
28                <action android:name="android.intent.action.VIEW" />
28-->src/main/AndroidManifest.xml:21:17-69
28-->src/main/AndroidManifest.xml:21:25-66
29
30                <category android:name="android.intent.category.LAUNCHER" />
30-->src/main/AndroidManifest.xml:22:17-76
30-->src/main/AndroidManifest.xml:22:27-74
31            </intent-filter>
32        </activity>
33        <activity android:name="ca.yorku.eecs.mack.healthappdemo.DailyDiary_Radio" >
33-->src/main/AndroidManifest.xml:25:9-32:20
33-->src/main/AndroidManifest.xml:26:13-45
34            <intent-filter>
34-->src/main/AndroidManifest.xml:19:13-23:29
35                <action android:name="android.intent.action.MAIN" />
35-->src/main/AndroidManifest.xml:20:17-68
35-->src/main/AndroidManifest.xml:20:25-66
36                <action android:name="android.intent.action.VIEW" />
36-->src/main/AndroidManifest.xml:21:17-69
36-->src/main/AndroidManifest.xml:21:25-66
37
38                <category android:name="android.intent.category.LAUNCHER" />
38-->src/main/AndroidManifest.xml:22:17-76
38-->src/main/AndroidManifest.xml:22:27-74
39            </intent-filter>
40        </activity>
41        <activity android:name="ca.yorku.eecs.mack.healthappdemo.DailyDiary_Slider" >
41-->src/main/AndroidManifest.xml:33:9-40:20
41-->src/main/AndroidManifest.xml:34:13-46
42            <intent-filter>
42-->src/main/AndroidManifest.xml:19:13-23:29
43                <action android:name="android.intent.action.MAIN" />
43-->src/main/AndroidManifest.xml:20:17-68
43-->src/main/AndroidManifest.xml:20:25-66
44                <action android:name="android.intent.action.VIEW" />
44-->src/main/AndroidManifest.xml:21:17-69
44-->src/main/AndroidManifest.xml:21:25-66
45
46                <category android:name="android.intent.category.LAUNCHER" />
46-->src/main/AndroidManifest.xml:22:17-76
46-->src/main/AndroidManifest.xml:22:27-74
47            </intent-filter>
48        </activity>
49    </application>
50
51</manifest>